<?xml version="1.0" encoding="UTF-8"?>
<testng-results skipped="0" failed="0" ignored="0" total="1" passed="1">
  <reporter-output>
  </reporter-output>
  <suite name="com.cheggMate.web.AppTest" duration-ms="12341" started-at="2017-03-02T13:21:09Z" finished-at="2017-03-02T13:21:21Z">
    <groups>
    </groups>
    <test name="Command line test" duration-ms="12341" started-at="2017-03-02T13:21:09Z" finished-at="2017-03-02T13:21:21Z">
      <class name="com.cheggMate.web.AppTest">
        <test-method status="PASS" signature="ChromeDriver()[pri:0, instance:com.cheggMate.web.AppTest@343f4d3d]" name="ChromeDriver" is-config="true" duration-ms="12250" started-at="2017-03-02T15:21:09Z" finished-at="2017-03-02T15:21:21Z">
          <reporter-output>
          </reporter-output>
        </test-method> <!-- ChromeDriver -->
        <test-method status="PASS" signature="GetWizardNoPackages()[pri:0, instance:com.cheggMate.web.AppTest@343f4d3d]" name="GetWizardNoPackages" duration-ms="1" started-at="2017-03-02T15:21:21Z" finished-at="2017-03-02T15:21:21Z">
          <reporter-output>
          </reporter-output>
        </test-method> <!-- GetWizardNoPackages -->
        <test-method status="PASS" signature="tearDown()[pri:0, instance:com.cheggMate.web.AppTest@343f4d3d]" name="tearDown" is-config="true" duration-ms="78" started-at="2017-03-02T15:21:21Z" finished-at="2017-03-02T15:21:21Z">
          <reporter-output>
          </reporter-output>
        </test-method> <!-- tearDown -->
      </class> <!-- com.cheggMate.web.AppTest -->
    </test> <!-- Command line test -->
  </suite> <!-- com.cheggMate.web.AppTest -->
</testng-results>
